0 info it worked if it ends with ok
1 verbose cli [ 'C:\\Program Files\\nodejs\\node.exe',
1 verbose cli   'C:\\Program Files\\nodejs\\node_modules\\npm\\bin\\npm-cli.js',
1 verbose cli   'run',
1 verbose cli   'test' ]
2 info using npm@3.3.12
3 info using node@v5.1.0
4 verbose run-script [ 'pretest', 'test', 'posttest' ]
5 info lifecycle demo@1.0.6-rc3~pretest: demo@1.0.6-rc3
6 silly lifecycle demo@1.0.6-rc3~pretest: no script for pretest, continuing
7 info lifecycle demo@1.0.6-rc3~test: demo@1.0.6-rc3
8 verbose lifecycle demo@1.0.6-rc3~test: unsafe-perm in lifecycle true
9 verbose lifecycle demo@1.0.6-rc3~test: PATH: C:\Program Files\nodejs\node_modules\npm\bin\node-gyp-bin;C:\Users\Turden\Documents\GitHub\News-SpaceWeather\node_modules\.bin;C:\Program Files\ConEmu;C:\Program Files\ConEmu\ConEmu;C:\ProgramData\Oracle\Java\javapath;C:\WINDOWS\system32;C:\WINDOWS;C:\WINDOWS\System32\Wbem;C:\WINDOWS\System32\WindowsPowerShell\v1.0\;C:\Program Files (x86)\ATI Technologies\ATI.ACE\Core-Static;C:\Program Files (x86)\Skype\Phone\;C:\Users\Turden\.dnx\bin;C:\Program Files\Microsoft DNX\Dnvm\;C:\Program Files\Git\cmd;C:\Program Files\nodejs\;C:\Users\Turden\AppData\Local\GitHub\PortableGit_c2ba306e536fdf878271f7fe636a147ff37326ad\bin;C:\Users\Turden\AppData\Roaming\npm
10 verbose lifecycle demo@1.0.6-rc3~test: CWD: C:\Users\Turden\Documents\GitHub\News-SpaceWeather
11 silly lifecycle demo@1.0.6-rc3~test: Args: [ '/d /s /c', 'karma start karma.config.js --single-run true' ]
12 silly lifecycle demo@1.0.6-rc3~test: Returned: code: 1  signal: null
13 info lifecycle demo@1.0.6-rc3~test: Failed to exec test script
14 verbose stack Error: demo@1.0.6-rc3 test: `karma start karma.config.js --single-run true`
14 verbose stack Exit status 1
14 verbose stack     at EventEmitter.<anonymous> (C:\Program Files\nodejs\node_modules\npm\lib\utils\lifecycle.js:232:16)
14 verbose stack     at emitTwo (events.js:87:13)
14 verbose stack     at EventEmitter.emit (events.js:172:7)
14 verbose stack     at ChildProcess.<anonymous> (C:\Program Files\nodejs\node_modules\npm\lib\utils\spawn.js:24:14)
14 verbose stack     at emitTwo (events.js:87:13)
14 verbose stack     at ChildProcess.emit (events.js:172:7)
14 verbose stack     at maybeClose (internal/child_process.js:818:16)
14 verbose stack     at Process.ChildProcess._handle.onexit (internal/child_process.js:211:5)
15 verbose pkgid demo@1.0.6-rc3
16 verbose cwd C:\Users\Turden\Documents\GitHub\News-SpaceWeather
17 error Windows_NT 10.0.10586
18 error argv "C:\\Program Files\\nodejs\\node.exe" "C:\\Program Files\\nodejs\\node_modules\\npm\\bin\\npm-cli.js" "run" "test"
19 error node v5.1.0
20 error npm  v3.3.12
21 error code ELIFECYCLE
22 error demo@1.0.6-rc3 test: `karma start karma.config.js --single-run true`
22 error Exit status 1
23 error Failed at the demo@1.0.6-rc3 test script 'karma start karma.config.js --single-run true'.
23 error Make sure you have the latest version of node.js and npm installed.
23 error If you do, this is most likely a problem with the demo package,
23 error not with npm itself.
23 error Tell the author that this fails on your system:
23 error     karma start karma.config.js --single-run true
23 error You can get their info via:
23 error     npm owner ls demo
23 error There is likely additional logging output above.
24 verbose exit [ 1, true ]
